[06/Apr/2020 18:28:56] ERROR [django.request:284] Internal Server Error: /api/
Traceback (most recent call last):
  File "/usr/lib/python2.7/site-packages/django/core/handlers/base.py", line 174, in get_response
    response = self.process_exception_by_middleware(e, request)
  File "/usr/lib/python2.7/site-packages/django/core/handlers/base.py", line 172, in get_response
    response = response.render()
  File "/usr/lib/python2.7/site-packages/django/template/response.py", line 160, in render
    self.content = self.rendered_content
  File "/usr/lib/python2.7/site-packages/rest_framework/response.py", line 71, in rendered_content
    ret = renderer.render(self.data, media_type, context)
  File "/usr/lib/python2.7/site-packages/rest_framework/renderers.py", line 677, in render
    ret = template_render(template, context, request=renderer_context['request'])
  File "/usr/lib/python2.7/site-packages/rest_framework/compat.py", line 241, in template_render
    return template.render(context, request=request)
  File "/usr/lib/python2.7/site-packages/django/template/backends/django.py", line 95, in render
    return self.template.render(context)
  File "/usr/lib/python2.7/site-packages/django/template/base.py", line 206, in render
    return self._render(context)
  File "/usr/lib/python2.7/site-packages/django/template/base.py", line 197, in _render
    return self.nodelist.render(context)
  File "/usr/lib/python2.7/site-packages/django/template/base.py", line 992, in render
    bit = node.render_annotated(context)
  File "/usr/lib/python2.7/site-packages/django/template/base.py", line 959, in render_annotated
    return self.render(context)
  File "/usr/lib/python2.7/site-packages/django/template/loader_tags.py", line 173, in render
    return compiled_parent._render(context)
  File "/usr/lib/python2.7/site-packages/django/template/base.py", line 197, in _render
    return self.nodelist.render(context)
  File "/usr/lib/python2.7/site-packages/django/template/base.py", line 992, in render
    bit = node.render_annotated(context)
  File "/usr/lib/python2.7/site-packages/django/template/base.py", line 959, in render_annotated
    return self.render(context)
  File "/usr/lib/python2.7/site-packages/django/template/loader_tags.py", line 69, in render
    result = block.nodelist.render(context)
  File "/usr/lib/python2.7/site-packages/django/template/base.py", line 992, in render
    bit = node.render_annotated(context)
  File "/usr/lib/python2.7/site-packages/django/template/base.py", line 959, in render_annotated
    return self.render(context)
  File "/usr/lib/python2.7/site-packages/django/template/loader_tags.py", line 69, in render
    result = block.nodelist.render(context)
  File "/usr/lib/python2.7/site-packages/django/template/base.py", line 992, in render
    bit = node.render_annotated(context)
  File "/usr/lib/python2.7/site-packages/django/template/base.py", line 959, in render_annotated
    return self.render(context)
  File "/usr/lib/python2.7/site-packages/django/template/loader_tags.py", line 69, in render
    result = block.nodelist.render(context)
  File "/usr/lib/python2.7/site-packages/django/template/base.py", line 992, in render
    bit = node.render_annotated(context)
  File "/usr/lib/python2.7/site-packages/django/template/base.py", line 959, in render_annotated
    return self.render(context)
  File "/usr/lib/python2.7/site-packages/django/templatetags/static.py", line 103, in render
    url = self.url(context)
  File "/usr/lib/python2.7/site-packages/django/contrib/staticfiles/templatetags/staticfiles.py", line 16, in url
    return static(path)
  File "/usr/lib/python2.7/site-packages/django/contrib/staticfiles/templatetags/staticfiles.py", line 9, in static
    return staticfiles_storage.url(path)
  File "/usr/lib/python2.7/site-packages/django/contrib/staticfiles/storage.py", line 131, in url
    hashed_name = self.stored_name(clean_name)
  File "/usr/lib/python2.7/site-packages/django/contrib/staticfiles/storage.py", line 280, in stored_name
    cache_name = self.clean_name(self.hashed_name(name))
  File "/usr/lib/python2.7/site-packages/django/contrib/staticfiles/storage.py", line 94, in hashed_name
    (clean_name, self))
ValueError: The file 'rest_framework/css/bootstrap.min.css' could not be found with <whitenoise.django.GzipManifestStaticFilesStorage object at 0x7f852d98ac50>.
[06/Apr/2020 18:28:59] ERROR [django.request:284] Internal Server Error: /api/
Traceback (most recent call last):
  File "/usr/lib/python2.7/site-packages/django/core/handlers/base.py", line 174, in get_response
    response = self.process_exception_by_middleware(e, request)
  File "/usr/lib/python2.7/site-packages/django/core/handlers/base.py", line 172, in get_response
    response = response.render()
  File "/usr/lib/python2.7/site-packages/django/template/response.py", line 160, in render
    self.content = self.rendered_content
  File "/usr/lib/python2.7/site-packages/rest_framework/response.py", line 71, in rendered_content
    ret = renderer.render(self.data, media_type, context)
  File "/usr/lib/python2.7/site-packages/rest_framework/renderers.py", line 677, in render
    ret = template_render(template, context, request=renderer_context['request'])
  File "/usr/lib/python2.7/site-packages/rest_framework/compat.py", line 241, in template_render
    return template.render(context, request=request)
  File "/usr/lib/python2.7/site-packages/django/template/backends/django.py", line 95, in render
    return self.template.render(context)
  File "/usr/lib/python2.7/site-packages/django/template/base.py", line 206, in render
    return self._render(context)
  File "/usr/lib/python2.7/site-packages/django/template/base.py", line 197, in _render
    return self.nodelist.render(context)
  File "/usr/lib/python2.7/site-packages/django/template/base.py", line 992, in render
    bit = node.render_annotated(context)
  File "/usr/lib/python2.7/site-packages/django/template/base.py", line 959, in render_annotated
    return self.render(context)
  File "/usr/lib/python2.7/site-packages/django/template/loader_tags.py", line 173, in render
    return compiled_parent._render(context)
  File "/usr/lib/python2.7/site-packages/django/template/base.py", line 197, in _render
    return self.nodelist.render(context)
  File "/usr/lib/python2.7/site-packages/django/template/base.py", line 992, in render
    bit = node.render_annotated(context)
  File "/usr/lib/python2.7/site-packages/django/template/base.py", line 959, in render_annotated
    return self.render(context)
  File "/usr/lib/python2.7/site-packages/django/template/loader_tags.py", line 69, in render
    result = block.nodelist.render(context)
  File "/usr/lib/python2.7/site-packages/django/template/base.py", line 992, in render
    bit = node.render_annotated(context)
  File "/usr/lib/python2.7/site-packages/django/template/base.py", line 959, in render_annotated
    return self.render(context)
  File "/usr/lib/python2.7/site-packages/django/template/loader_tags.py", line 69, in render
    result = block.nodelist.render(context)
  File "/usr/lib/python2.7/site-packages/django/template/base.py", line 992, in render
    bit = node.render_annotated(context)
  File "/usr/lib/python2.7/site-packages/django/template/base.py", line 959, in render_annotated
    return self.render(context)
  File "/usr/lib/python2.7/site-packages/django/template/loader_tags.py", line 69, in render
    result = block.nodelist.render(context)
  File "/usr/lib/python2.7/site-packages/django/template/base.py", line 992, in render
    bit = node.render_annotated(context)
  File "/usr/lib/python2.7/site-packages/django/template/base.py", line 959, in render_annotated
    return self.render(context)
  File "/usr/lib/python2.7/site-packages/django/templatetags/static.py", line 103, in render
    url = self.url(context)
  File "/usr/lib/python2.7/site-packages/django/contrib/staticfiles/templatetags/staticfiles.py", line 16, in url
    return static(path)
  File "/usr/lib/python2.7/site-packages/django/contrib/staticfiles/templatetags/staticfiles.py", line 9, in static
    return staticfiles_storage.url(path)
  File "/usr/lib/python2.7/site-packages/django/contrib/staticfiles/storage.py", line 131, in url
    hashed_name = self.stored_name(clean_name)
  File "/usr/lib/python2.7/site-packages/django/contrib/staticfiles/storage.py", line 280, in stored_name
    cache_name = self.clean_name(self.hashed_name(name))
  File "/usr/lib/python2.7/site-packages/django/contrib/staticfiles/storage.py", line 94, in hashed_name
    (clean_name, self))
ValueError: The file 'rest_framework/css/bootstrap.min.css' could not be found with <whitenoise.django.GzipManifestStaticFilesStorage object at 0x7f852d98ac50>.
